# JRE version: Java(TM) SE Runtime Environment (17.0.10+11) (build 17.0.10+11-LTS-240)
# Java VM: Java HotSpot(TM) 64-Bit Server VM (17.0.10+11-LTS-240, mixed mode, emulated-client, sharing, tiered, compressed oops, compressed class ptrs, g1 gc, windows-amd64)
GC Precious Log:
 CPUs: 12 total, 12 available
 Memory: 7968M
 Large Page Support: Disabled
 NUMA Support: Disabled
 Compressed Oops: Enabled (32-bit)
 Heap Region Size: 1M
 Heap Min Capacity: 8M
 Heap Initial Capacity: 126M
 Heap Max Capacity: 1994M
 Pre-touch: Disabled
 Parallel Workers: 10
 Concurrent Workers: 3
 Concurrent Refinement Workers: 10
 Periodic GC: Disabled
Heap:
 garbage-first heap   total 177152K, used 102796K [0x0000000083600000, 0x0000000100000000)
  region size 1024K, 41 young (41984K), 6 survivors (6144K)
 Metaspace       used 98595K, committed 99392K, reserved 1179648K
  class space    used 14121K, committed 14464K, reserved 1048576K
GC Heap History (20 events):
Event: 77.923 GC heap before
{Heap before GC invocations=39 (full 0):
 garbage-first heap   total 177152K, used 149598K [0x0000000083600000, 0x0000000100000000)
  region size 1024K, 89 young (91136K), 6 survivors (6144K)
 Metaspace       used 89562K, committed 90304K, reserved 1179648K
  class space    used 13229K, committed 13568K, reserved 1048576K
}
Event: 77.925 GC heap after
{Heap after GC invocations=40 (full 0):
 garbage-first heap   total 177152K, used 63655K [0x0000000083600000, 0x0000000100000000)
  region size 1024K, 5 young (5120K), 5 survivors (5120K)
 Metaspace       used 89562K, committed 90304K, reserved 1179648K
  class space    used 13229K, committed 13568K, reserved 1048576K
}
Event: 101.203 GC heap before
{Heap before GC invocations=40 (full 0):
 garbage-first heap   total 177152K, used 151719K [0x0000000083600000, 0x0000000100000000)
  region size 1024K, 91 young (93184K), 5 survivors (5120K)
 Metaspace       used 89562K, committed 90304K, reserved 1179648K
  class space    used 13229K, committed 13568K, reserved 1048576K
}
Event: 101.206 GC heap after
{Heap after GC invocations=41 (full 0):
 garbage-first heap   total 177152K, used 64048K [0x0000000083600000, 0x0000000100000000)
  region size 1024K, 5 young (5120K), 5 survivors (5120K)
 Metaspace       used 89562K, committed 90304K, reserved 1179648K
  class space    used 13229K, committed 13568K, reserved 1048576K
}
Event: 124.891 GC heap before
{Heap before GC invocations=41 (full 0):
 garbage-first heap   total 177152K, used 152112K [0x0000000083600000, 0x0000000100000000)
  region size 1024K, 91 young (93184K), 5 survivors (5120K)
 Metaspace       used 89562K, committed 90304K, reserved 1179648K
  class space    used 13229K, committed 13568K, reserved 1048576K
}
Event: 124.897 GC heap after
{Heap after GC invocations=42 (full 0):
 garbage-first heap   total 177152K, used 64291K [0x0000000083600000, 0x0000000100000000)
  region size 1024K, 6 young (6144K), 6 survivors (6144K)
 Metaspace       used 89562K, committed 90304K, reserved 1179648K
  class space    used 13229K, committed 13568K, reserved 1048576K
}
Event: 148.776 GC heap before
{Heap before GC invocations=42 (full 0):
 garbage-first heap   total 177152K, used 151331K [0x0000000083600000, 0x0000000100000000)
  region size 1024K, 91 young (93184K), 6 survivors (6144K)
 Metaspace       used 89562K, committed 90304K, reserved 1179648K
  class space    used 13229K, committed 13568K, reserved 1048576K
}
Event: 148.779 GC heap after
{Heap after GC invocations=43 (full 0):
 garbage-first heap   total 177152K, used 63184K [0x0000000083600000, 0x0000000100000000)
  region size 1024K, 4 young (4096K), 4 survivors (4096K)
 Metaspace       used 89562K, committed 90304K, reserved 1179648K
  class space    used 13229K, committed 13568K, reserved 1048576K
}
Event: 169.792 GC heap before
{Heap before GC invocations=43 (full 0):
 garbage-first heap   total 177152K, used 154320K [0x0000000083600000, 0x0000000100000000)
  region size 1024K, 93 young (95232K), 4 survivors (4096K)
 Metaspace       used 91330K, committed 92096K, reserved 1179648K
  class space    used 13465K, committed 13824K, reserved 1048576K
}
Event: 169.795 GC heap after
{Heap after GC invocations=44 (full 0):
 garbage-first heap   total 177152K, used 64805K [0x0000000083600000, 0x0000000100000000)
  region size 1024K, 6 young (6144K), 6 survivors (6144K)
 Metaspace       used 91330K, committed 92096K, reserved 1179648K
  class space    used 13465K, committed 13824K, reserved 1048576K
}
Event: 176.802 GC heap before
{Heap before GC invocations=44 (full 0):
 garbage-first heap   total 177152K, used 150821K [0x0000000083600000, 0x0000000100000000)
  region size 1024K, 91 young (93184K), 6 survivors (6144K)
 Metaspace       used 98579K, committed 99392K, reserved 1179648K
  class space    used 14120K, committed 14464K, reserved 1048576K
}
Event: 176.806 GC heap after
{Heap after GC invocations=45 (full 0):
 garbage-first heap   total 177152K, used 67846K [0x0000000083600000, 0x0000000100000000)
  region size 1024K, 9 young (9216K), 9 survivors (9216K)
 Metaspace       used 98579K, committed 99392K, reserved 1179648K
  class space    used 14120K, committed 14464K, reserved 1048576K
}
Event: 198.862 GC heap before
{Heap before GC invocations=45 (full 0):
 garbage-first heap   total 177152K, used 148742K [0x0000000083600000, 0x0000000100000000)
  region size 1024K, 88 young (90112K), 9 survivors (9216K)
 Metaspace       used 98579K, committed 99392K, reserved 1179648K
  class space    used 14120K, committed 14464K, reserved 1048576K
}
Event: 198.866 GC heap after
{Heap after GC invocations=46 (full 0):
 garbage-first heap   total 177152K, used 67343K [0x0000000083600000, 0x0000000100000000)
  region size 1024K, 5 young (5120K), 5 survivors (5120K)
 Metaspace       used 98579K, committed 99392K, reserved 1179648K
  class space    used 14120K, committed 14464K, reserved 1048576K
}
Event: 221.484 GC heap before
{Heap before GC invocations=46 (full 0):
 garbage-first heap   total 177152K, used 151311K [0x0000000083600000, 0x0000000100000000)
  region size 1024K, 87 young (89088K), 5 survivors (5120K)
 Metaspace       used 98579K, committed 99392K, reserved 1179648K
  class space    used 14120K, committed 14464K, reserved 1048576K
}
Event: 221.491 GC heap after
{Heap after GC invocations=47 (full 0):
 garbage-first heap   total 177152K, used 68081K [0x0000000083600000, 0x0000000100000000)
  region size 1024K, 6 young (6144K), 6 survivors (6144K)
 Metaspace       used 98579K, committed 99392K, reserved 1179648K
  class space    used 14120K, committed 14464K, reserved 1048576K
}
Event: 243.698 GC heap before
{Heap before GC invocations=47 (full 0):
 garbage-first heap   total 177152K, used 151025K [0x0000000083600000, 0x0000000100000000)
  region size 1024K, 87 young (89088K), 6 survivors (6144K)
 Metaspace       used 98581K, committed 99392K, reserved 1179648K
  class space    used 14120K, committed 14464K, reserved 1048576K
}
Event: 243.704 GC heap after
{Heap after GC invocations=48 (full 0):
 garbage-first heap   total 177152K, used 67890K [0x0000000083600000, 0x0000000100000000)
  region size 1024K, 6 young (6144K), 6 survivors (6144K)
 Metaspace       used 98581K, committed 99392K, reserved 1179648K
  class space    used 14120K, committed 14464K, reserved 1048576K
}
Event: 265.877 GC heap before
{Heap before GC invocations=48 (full 0):
 garbage-first heap   total 177152K, used 150834K [0x0000000083600000, 0x0000000100000000)
  region size 1024K, 87 young (89088K), 6 survivors (6144K)
 Metaspace       used 98581K, committed 99392K, reserved 1179648K
  class space    used 14120K, committed 14464K, reserved 1048576K
}
Event: 265.881 GC heap after
{Heap after GC invocations=49 (full 0):
 garbage-first heap   total 177152K, used 67980K [0x0000000083600000, 0x0000000100000000)
  region size 1024K, 6 young (6144K), 6 survivors (6144K)
 Metaspace       used 98581K, committed 99392K, reserved 1179648K
  class space    used 14120K, committed 14464K, reserved 1048576K
}

