# JRE version: Java(TM) SE Runtime Environment (17.0.10+11) (build 17.0.10+11-LTS-240)
# Java VM: Java HotSpot(TM) 64-Bit Server VM (17.0.10+11-LTS-240, mixed mode, emulated-client, sharing, tiered, compressed oops, compressed class ptrs, g1 gc, windows-amd64)
GC Precious Log:
 CPUs: 12 total, 12 available
 Memory: 7968M
 Large Page Support: Disabled
 NUMA Support: Disabled
 Compressed Oops: Enabled (32-bit)
 Heap Region Size: 1M
 Heap Min Capacity: 8M
 Heap Initial Capacity: 126M
 Heap Max Capacity: 1994M
 Pre-touch: Disabled
 Parallel Workers: 10
 Concurrent Workers: 3
 Concurrent Refinement Workers: 10
 Periodic GC: Disabled
Heap:
 garbage-first heap   total 187392K, used 102872K [0x0000000083600000, 0x0000000100000000)
  region size 1024K, 42 young (43008K), 6 survivors (6144K)
 Metaspace       used 99703K, committed 100544K, reserved 1179648K
  class space    used 14260K, committed 14656K, reserved 1048576K
GC Heap History (20 events):
Event: 9.983 GC heap before
{Heap before GC invocations=33 (full 0):
 garbage-first heap   total 155648K, used 131189K [0x0000000083600000, 0x0000000100000000)
  region size 1024K, 84 young (86016K), 6 survivors (6144K)
 Metaspace       used 81473K, committed 82176K, reserved 1179648K
  class space    used 11995K, committed 12352K, reserved 1048576K
}
Event: 9.989 GC heap after
{Heap after GC invocations=34 (full 0):
 garbage-first heap   total 155648K, used 54030K [0x0000000083600000, 0x0000000100000000)
  region size 1024K, 9 young (9216K), 9 survivors (9216K)
 Metaspace       used 81473K, committed 82176K, reserved 1179648K
  class space    used 11995K, committed 12352K, reserved 1048576K
}
Event: 10.324 GC heap before
{Heap before GC invocations=34 (full 0):
 garbage-first heap   total 155648K, used 128782K [0x0000000083600000, 0x0000000100000000)
  region size 1024K, 82 young (83968K), 9 survivors (9216K)
 Metaspace       used 82328K, committed 83072K, reserved 1179648K
  class space    used 12161K, committed 12544K, reserved 1048576K
}
Event: 10.330 GC heap after
{Heap after GC invocations=35 (full 0):
 garbage-first heap   total 155648K, used 56170K [0x0000000083600000, 0x0000000100000000)
  region size 1024K, 8 young (8192K), 8 survivors (8192K)
 Metaspace       used 82328K, committed 83072K, reserved 1179648K
  class space    used 12161K, committed 12544K, reserved 1048576K
}
Event: 10.549 GC heap before
{Heap before GC invocations=35 (full 0):
 garbage-first heap   total 155648K, used 129898K [0x0000000083600000, 0x0000000100000000)
  region size 1024K, 80 young (81920K), 8 survivors (8192K)
 Metaspace       used 83833K, committed 84608K, reserved 1179648K
  class space    used 12374K, committed 12736K, reserved 1048576K
}
Event: 10.554 GC heap after
{Heap after GC invocations=36 (full 0):
 garbage-first heap   total 155648K, used 58270K [0x0000000083600000, 0x0000000100000000)
  region size 1024K, 8 young (8192K), 8 survivors (8192K)
 Metaspace       used 83833K, committed 84608K, reserved 1179648K
  class space    used 12374K, committed 12736K, reserved 1048576K
}
Event: 10.776 GC heap before
{Heap before GC invocations=36 (full 0):
 garbage-first heap   total 155648K, used 129950K [0x0000000083600000, 0x0000000100000000)
  region size 1024K, 78 young (79872K), 8 survivors (8192K)
 Metaspace       used 84871K, committed 85568K, reserved 1179648K
  class space    used 12516K, committed 12864K, reserved 1048576K
}
Event: 10.780 GC heap after
{Heap after GC invocations=37 (full 0):
 garbage-first heap   total 155648K, used 59944K [0x0000000083600000, 0x0000000100000000)
  region size 1024K, 7 young (7168K), 7 survivors (7168K)
 Metaspace       used 84871K, committed 85568K, reserved 1179648K
  class space    used 12516K, committed 12864K, reserved 1048576K
}
Event: 11.139 GC heap before
{Heap before GC invocations=37 (full 0):
 garbage-first heap   total 155648K, used 130600K [0x0000000083600000, 0x0000000100000000)
  region size 1024K, 76 young (77824K), 7 survivors (7168K)
 Metaspace       used 85407K, committed 86080K, reserved 1179648K
  class space    used 12594K, committed 12928K, reserved 1048576K
}
Event: 11.144 GC heap after
{Heap after GC invocations=38 (full 0):
 garbage-first heap   total 187392K, used 62624K [0x0000000083600000, 0x0000000100000000)
  region size 1024K, 7 young (7168K), 7 survivors (7168K)
 Metaspace       used 85407K, committed 86080K, reserved 1179648K
  class space    used 12594K, committed 12928K, reserved 1048576K
}
Event: 28.376 GC heap before
{Heap before GC invocations=38 (full 0):
 garbage-first heap   total 187392K, used 155808K [0x0000000083600000, 0x0000000100000000)
  region size 1024K, 99 young (101376K), 7 survivors (7168K)
 Metaspace       used 89548K, committed 90304K, reserved 1179648K
  class space    used 13226K, committed 13568K, reserved 1048576K
}
Event: 28.384 GC heap after
{Heap after GC invocations=39 (full 0):
 garbage-first heap   total 187392K, used 64621K [0x0000000083600000, 0x0000000100000000)
  region size 1024K, 9 young (9216K), 9 survivors (9216K)
 Metaspace       used 89548K, committed 90304K, reserved 1179648K
  class space    used 13226K, committed 13568K, reserved 1048576K
}
Event: 52.795 GC heap before
{Heap before GC invocations=39 (full 0):
 garbage-first heap   total 187392K, used 156781K [0x0000000083600000, 0x0000000100000000)
  region size 1024K, 99 young (101376K), 9 survivors (9216K)
 Metaspace       used 89560K, committed 90304K, reserved 1179648K
  class space    used 13229K, committed 13568K, reserved 1048576K
}
Event: 52.801 GC heap after
{Heap after GC invocations=40 (full 0):
 garbage-first heap   total 187392K, used 64426K [0x0000000083600000, 0x0000000100000000)
  region size 1024K, 7 young (7168K), 7 survivors (7168K)
 Metaspace       used 89560K, committed 90304K, reserved 1179648K
  class space    used 13229K, committed 13568K, reserved 1048576K
}
Event: 77.915 GC heap before
{Heap before GC invocations=40 (full 0):
 garbage-first heap   total 187392K, used 158634K [0x0000000083600000, 0x0000000100000000)
  region size 1024K, 99 young (101376K), 7 survivors (7168K)
 Metaspace       used 89561K, committed 90304K, reserved 1179648K
  class space    used 13230K, committed 13568K, reserved 1048576K
}
Event: 77.922 GC heap after
{Heap after GC invocations=41 (full 0):
 garbage-first heap   total 187392K, used 65330K [0x0000000083600000, 0x0000000100000000)
  region size 1024K, 8 young (8192K), 8 survivors (8192K)
 Metaspace       used 89561K, committed 90304K, reserved 1179648K
  class space    used 13230K, committed 13568K, reserved 1048576K
}
Event: 91.775 GC heap before
{Heap before GC invocations=41 (full 0):
 garbage-first heap   total 187392K, used 157490K [0x0000000083600000, 0x0000000100000000)
  region size 1024K, 99 young (101376K), 8 survivors (8192K)
 Metaspace       used 95803K, committed 96576K, reserved 1179648K
  class space    used 13829K, committed 14208K, reserved 1048576K
}
Event: 91.780 GC heap after
{Heap after GC invocations=42 (full 0):
 garbage-first heap   total 187392K, used 67425K [0x0000000083600000, 0x0000000100000000)
  region size 1024K, 9 young (9216K), 9 survivors (9216K)
 Metaspace       used 95803K, committed 96576K, reserved 1179648K
  class space    used 13829K, committed 14208K, reserved 1048576K
}
Event: 108.153 GC heap before
{Heap before GC invocations=42 (full 0):
 garbage-first heap   total 187392K, used 156513K [0x0000000083600000, 0x0000000100000000)
  region size 1024K, 97 young (99328K), 9 survivors (9216K)
 Metaspace       used 98581K, committed 99456K, reserved 1179648K
  class space    used 14122K, committed 14528K, reserved 1048576K
}
Event: 108.157 GC heap after
{Heap after GC invocations=43 (full 0):
 garbage-first heap   total 187392K, used 68056K [0x0000000083600000, 0x0000000100000000)
  region size 1024K, 6 young (6144K), 6 survivors (6144K)
 Metaspace       used 98581K, committed 99456K, reserved 1179648K
  class space    used 14122K, committed 14528K, reserved 1048576K
}

